<?xml version="1.0" encoding="utf-8" standalone="no"?>
<!--This file represents the results of running a test suite-->
<test-results name="C:\dev\OdeToFood\OdeToFood.Tests\bin\Debug\OdeToFood.Tests.dll" total="1" errors="0" failures="0" not-run="0" inconclusive="0" ignored="0" skipped="0" invalid="0" date="2012-01-14" time="23:52:56">
  <environment nunit-version="2.5.10.11092" clr-version="2.0.50727.5448" os-version="Microsoft Windows NT 6.1.7601 Service Pack 1" platform="Win32NT" cwd="C:\dev\OdeToFood\OdeToFood.Tests\bin\Debug" machine-name="OWNER-PC" user="Owner" user-domain="Owner-PC" />
  <culture-info current-culture="en-US" current-uiculture="en-US" />
  <test-suite type="Assembly" name="C:\dev\OdeToFood\OdeToFood.Tests\bin\Debug\OdeToFood.Tests.dll" executed="True" result="Success" success="True" time="0.063" asserts="0">
    <results>
      <test-suite type="Namespace" name="OdeToFood" executed="True" result="Success" success="True" time="0.047" asserts="0">
        <results>
          <test-suite type="Namespace" name="Tests" executed="True" result="Success" success="True" time="0.047" asserts="0">
            <results>
              <test-suite type="TestFixture" name="HomeControllerIndexTests" executed="True" result="Success" success="True" time="0.043" asserts="0">
                <results>
                  <test-case name="OdeToFood.Tests.HomeControllerIndexTests.Puts_Message_In_ViewBag" executed="True" result="Success" success="True" time="0.026" asserts="0" />
                </results>
              </test-suite>
            </results>
          </test-suite>
        </results>
      </test-suite>
    </results>
  </test-suite>
</test-results>